[0623/131213.759:WARNING:spdy_session.cc(3365)] Received HEADERS for invalid stream 9
[0623/132245.565:ERROR:audio_rtp_receiver.cc(89)] AudioRtpReceiver::OnSetVolume: No audio channel exists.
[0623/132245.566:WARNING:used_ids.h(55)] Duplicate id found. Reassigning from 104 to 127
[0623/132245.566:WARNING:used_ids.h(55)] Duplicate id found. Reassigning from 102 to 125
[0623/132245.566:WARNING:used_ids.h(55)] Duplicate id found. Reassigning from 104 to 124
[0623/132245.566:WARNING:used_ids.h(55)] Duplicate id found. Reassigning from 106 to 123
[0623/132245.566:WARNING:used_ids.h(55)] Duplicate id found. Reassigning from 103 to 122
[0623/132245.566:WARNING:used_ids.h(55)] Duplicate id found. Reassigning from 105 to 121
[0623/132245.566:WARNING:used_ids.h(55)] Duplicate id found. Reassigning from 109 to 120
[0623/132245.566:WARNING:used_ids.h(55)] Duplicate id found. Reassigning from 1 to 14
[0623/132245.566:WARNING:used_ids.h(55)] Duplicate id found. Reassigning from 3 to 13
[0623/132245.566:WARNING:used_ids.h(55)] Duplicate id found. Reassigning from 5 to 12
[0623/132245.566:WARNING:used_ids.h(55)] Duplicate id found. Reassigning from 6 to 11
[0623/132314.274:ERROR:batching_media_log.cc(38)] MediaEvent: {"error":"FFmpegDemuxer: no supported streams"}
[0623/132314.283:ERROR:batching_media_log.cc(35)] MediaEvent: {"pipeline_error":14}
[0623/132314.484:ERROR:batching_media_log.cc(38)] MediaEvent: {"error":"FFmpegDemuxer: no supported streams"}
[0623/132314.484:ERROR:batching_media_log.cc(35)] MediaEvent: {"pipeline_error":14}
[0623/132503.497:WARNING:dns_config_service_win.cc(700)] Failed to read DnsConfig.
[0623/132503.502:WARNING:dns_config_service_win.cc(700)] Failed to read DnsConfig.
[0623/132508.513:WARNING:dns_config_service_win.cc(700)] Failed to read DnsConfig.
[0623/132508.515:WARNING:dns_config_service_win.cc(700)] Failed to read DnsConfig.
[0623/132513.526:WARNING:dns_config_service_win.cc(700)] Failed to read DnsConfig.
[0623/132513.529:WARNING:dns_config_service_win.cc(700)] Failed to read DnsConfig.
[0623/132518.540:WARNING:dns_config_service_win.cc(700)] Failed to read DnsConfig.
[0623/132518.540:WARNING:dns_config_service_win.cc(700)] Failed to read DnsConfig.
[0623/132523.549:WARNING:dns_config_service_win.cc(700)] Failed to read DnsConfig.
[0623/132523.551:WARNING:dns_config_service_win.cc(700)] Failed to read DnsConfig.
[0623/132528.561:WARNING:dns_config_service_win.cc(700)] Failed to read DnsConfig.
[0623/132528.564:WARNING:dns_config_service_win.cc(700)] Failed to read DnsConfig.
[0623/132533.576:WARNING:dns_config_service_win.cc(700)] Failed to read DnsConfig.
[0623/132533.585:WARNING:dns_config_service_win.cc(700)] Failed to read DnsConfig.
[0623/132538.584:WARNING:dns_config_service_win.cc(700)] Failed to read DnsConfig.
[0623/132538.599:WARNING:dns_config_service_win.cc(700)] Failed to read DnsConfig.
[0623/132543.611:WARNING:dns_config_service_win.cc(700)] Failed to read DnsConfig.
[0623/132543.615:WARNING:dns_config_service_win.cc(700)] Failed to read DnsConfig.
[0623/132548.619:WARNING:dns_config_service_win.cc(700)] Failed to read DnsConfig.
[0623/132548.633:WARNING:dns_config_service_win.cc(700)] Failed to read DnsConfig.
[0623/132553.632:WARNING:dns_config_service_win.cc(700)] Failed to read DnsConfig.
[0623/132553.652:WARNING:dns_config_service_win.cc(700)] Failed to read DnsConfig.
[0623/132558.636:WARNING:dns_config_service_win.cc(700)] Failed to read DnsConfig.
[0623/132558.660:WARNING:dns_config_service_win.cc(700)] Failed to read DnsConfig.
[0623/132603.643:WARNING:dns_config_service_win.cc(700)] Failed to read DnsConfig.
[0623/132603.679:WARNING:dns_config_service_win.cc(700)] Failed to read DnsConfig.
[0623/132608.647:WARNING:dns_config_service_win.cc(700)] Failed to read DnsConfig.
[0623/132608.692:WARNING:dns_config_service_win.cc(700)] Failed to read DnsConfig.
[0623/132613.657:WARNING:dns_config_service_win.cc(700)] Failed to read DnsConfig.
[0623/132613.707:WARNING:dns_config_service_win.cc(700)] Failed to read DnsConfig.
[0623/132618.667:WARNING:dns_config_service_win.cc(700)] Failed to read DnsConfig.
[0623/132618.722:WARNING:dns_config_service_win.cc(700)] Failed to read DnsConfig.
[0623/132623.678:WARNING:dns_config_service_win.cc(700)] Failed to read DnsConfig.
[0623/132623.734:WARNING:dns_config_service_win.cc(700)] Failed to read DnsConfig.
[0623/132628.688:WARNING:dns_config_service_win.cc(700)] Failed to read DnsConfig.
[0623/132628.753:WARNING:dns_config_service_win.cc(700)] Failed to read DnsConfig.
[0623/132633.697:WARNING:dns_config_service_win.cc(700)] Failed to read DnsConfig.
[0623/132633.775:WARNING:dns_config_service_win.cc(700)] Failed to read DnsConfig.
[0623/132638.709:WARNING:dns_config_service_win.cc(700)] Failed to read DnsConfig.
[0623/132638.789:WARNING:dns_config_service_win.cc(700)] Failed to read DnsConfig.
[0623/132643.719:WARNING:dns_config_service_win.cc(700)] Failed to read DnsConfig.
[0623/132643.799:WARNING:dns_config_service_win.cc(700)] Failed to read DnsConfig.
[0623/132648.730:WARNING:dns_config_service_win.cc(700)] Failed to read DnsConfig.
[0623/132648.818:WARNING:dns_config_service_win.cc(700)] Failed to read DnsConfig.
[0623/132653.741:WARNING:dns_config_service_win.cc(700)] Failed to read DnsConfig.
[0623/132653.829:WARNING:dns_config_service_win.cc(700)] Failed to read DnsConfig.
[0623/132658.748:WARNING:dns_config_service_win.cc(700)] Failed to read DnsConfig.
[0623/132658.840:WARNING:dns_config_service_win.cc(700)] Failed to read DnsConfig.
[0623/132703.757:WARNING:dns_config_service_win.cc(700)] Failed to read DnsConfig.
[0623/132703.853:WARNING:dns_config_service_win.cc(700)] Failed to read DnsConfig.
[0623/132708.762:WARNING:dns_config_service_win.cc(700)] Failed to read DnsConfig.
[0623/132708.865:WARNING:dns_config_service_win.cc(700)] Failed to read DnsConfig.
[0623/132713.768:WARNING:dns_config_service_win.cc(700)] Failed to read DnsConfig.
[0623/132713.879:WARNING:dns_config_service_win.cc(700)] Failed to read DnsConfig.
[0623/132718.776:WARNING:dns_config_service_win.cc(700)] Failed to read DnsConfig.
[0623/132718.894:WARNING:dns_config_service_win.cc(700)] Failed to read DnsConfig.
[0623/132723.779:WARNING:dns_config_service_win.cc(700)] Failed to read DnsConfig.
[0623/132723.905:WARNING:dns_config_service_win.cc(700)] Failed to read DnsConfig.
[0623/132728.784:WARNING:dns_config_service_win.cc(700)] Failed to read DnsConfig.
[0623/132728.914:WARNING:dns_config_service_win.cc(700)] Failed to read DnsConfig.
[0623/132733.789:WARNING:dns_config_service_win.cc(700)] Failed to read DnsConfig.
[0623/132733.919:WARNING:dns_config_service_win.cc(700)] Failed to read DnsConfig.
[0623/132738.794:WARNING:dns_config_service_win.cc(700)] Failed to read DnsConfig.
[0623/132738.937:WARNING:dns_config_service_win.cc(700)] Failed to read DnsConfig.
[0623/132743.797:WARNING:dns_config_service_win.cc(700)] Failed to read DnsConfig.
[0623/132743.952:WARNING:dns_config_service_win.cc(700)] Failed to read DnsConfig.
[0623/132748.801:WARNING:dns_config_service_win.cc(700)] Failed to read DnsConfig.
[0623/132748.965:WARNING:dns_config_service_win.cc(700)] Failed to read DnsConfig.
[0623/132753.810:WARNING:dns_config_service_win.cc(700)] Failed to read DnsConfig.
[0623/132753.988:WARNING:dns_config_service_win.cc(700)] Failed to read DnsConfig.
[0623/132758.813:WARNING:dns_config_service_win.cc(700)] Failed to read DnsConfig.
[0623/132759.000:WARNING:dns_config_service_win.cc(700)] Failed to read DnsConfig.
[0623/132803.815:WARNING:dns_config_service_win.cc(700)] Failed to read DnsConfig.
[0623/132804.020:WARNING:dns_config_service_win.cc(700)] Failed to read DnsConfig.
[0623/132808.818:WARNING:dns_config_service_win.cc(700)] Failed to read DnsConfig.
[0623/132809.030:WARNING:dns_config_service_win.cc(700)] Failed to read DnsConfig.
[0623/132813.830:WARNING:dns_config_service_win.cc(700)] Failed to read DnsConfig.
[0623/132814.041:WARNING:dns_config_service_win.cc(700)] Failed to read DnsConfig.
[0623/132818.840:WARNING:dns_config_service_win.cc(700)] Failed to read DnsConfig.
[0623/132819.059:WARNING:dns_config_service_win.cc(700)] Failed to read DnsConfig.
[0623/132823.844:WARNING:dns_config_service_win.cc(700)] Failed to read DnsConfig.
[0623/132824.075:WARNING:dns_config_service_win.cc(700)] Failed to read DnsConfig.
[0623/132828.852:WARNING:dns_config_service_win.cc(700)] Failed to read DnsConfig.
[0623/132828.881:WARNING:dns_config_service_win.cc(700)] Failed to read DnsConfig.
[0623/132829.084:WARNING:dns_config_service_win.cc(700)] Failed to read DnsConfig.
[0623/132925.414:WARNING:dns_config_service_win.cc(700)] Failed to read DnsConfig.
[0623/132925.416:WARNING:dns_config_service_win.cc(700)] Failed to read DnsConfig.
[0623/132925.425:WARNING:dns_config_service_win.cc(700)] Failed to read DnsConfig.
[0623/132925.428:WARNING:dns_config_service_win.cc(700)] Failed to read DnsConfig.
[0623/132930.424:WARNING:dns_config_service_win.cc(700)] Failed to read DnsConfig.
[0623/132930.435:WARNING:dns_config_service_win.cc(700)] Failed to read DnsConfig.
[0623/132930.440:WARNING:dns_config_service_win.cc(700)] Failed to read DnsConfig.
[0623/132935.433:WARNING:dns_config_service_win.cc(700)] Failed to read DnsConfig.
[0623/132935.447:WARNING:dns_config_service_win.cc(700)] Failed to read DnsConfig.
[0623/132935.465:WARNING:dns_config_service_win.cc(700)] Failed to read DnsConfig.
[0623/132940.441:WARNING:dns_config_service_win.cc(700)] Failed to read DnsConfig.
[0623/132940.455:WARNING:dns_config_service_win.cc(700)] Failed to read DnsConfig.
[0623/132940.483:WARNING:dns_config_service_win.cc(700)] Failed to read DnsConfig.
[0623/132945.448:WARNING:dns_config_service_win.cc(700)] Failed to read DnsConfig.
[0623/132945.463:WARNING:dns_config_service_win.cc(700)] Failed to read DnsConfig.
[0623/132945.501:WARNING:dns_config_service_win.cc(700)] Failed to read DnsConfig.
[0623/132950.456:WARNING:dns_config_service_win.cc(700)] Failed to read DnsConfig.
[0623/132950.472:WARNING:dns_config_service_win.cc(700)] Failed to read DnsConfig.
[0623/132950.519:WARNING:dns_config_service_win.cc(700)] Failed to read DnsConfig.
[0623/132955.463:WARNING:dns_config_service_win.cc(700)] Failed to read DnsConfig.
[0623/132955.480:WARNING:dns_config_service_win.cc(700)] Failed to read DnsConfig.
[0623/132955.539:WARNING:dns_config_service_win.cc(700)] Failed to read DnsConfig.
[0623/133000.474:WARNING:dns_config_service_win.cc(700)] Failed to read DnsConfig.
[0623/133000.488:WARNING:dns_config_service_win.cc(700)] Failed to read DnsConfig.
[0623/133000.547:WARNING:dns_config_service_win.cc(700)] Failed to read DnsConfig.
[0623/133005.483:WARNING:dns_config_service_win.cc(700)] Failed to read DnsConfig.
[0623/133005.496:WARNING:dns_config_service_win.cc(700)] Failed to read DnsConfig.
[0623/133005.552:WARNING:dns_config_service_win.cc(700)] Failed to read DnsConfig.
[0623/133010.491:WARNING:dns_config_service_win.cc(700)] Failed to read DnsConfig.
[0623/133010.504:WARNING:dns_config_service_win.cc(700)] Failed to read DnsConfig.
[0623/133010.571:WARNING:dns_config_service_win.cc(700)] Failed to read DnsConfig.
[0623/133015.499:WARNING:dns_config_service_win.cc(700)] Failed to read DnsConfig.
[0623/133015.512:WARNING:dns_config_service_win.cc(700)] Failed to read DnsConfig.
[0623/133015.582:WARNING:dns_config_service_win.cc(700)] Failed to read DnsConfig.
[0623/133020.507:WARNING:dns_config_service_win.cc(700)] Failed to read DnsConfig.
[0623/133020.522:WARNING:dns_config_service_win.cc(700)] Failed to read DnsConfig.
[0623/133020.600:WARNING:dns_config_service_win.cc(700)] Failed to read DnsConfig.
[0623/133025.515:WARNING:dns_config_service_win.cc(700)] Failed to read DnsConfig.
[0623/133025.531:WARNING:dns_config_service_win.cc(700)] Failed to read DnsConfig.
[0623/133025.616:WARNING:dns_config_service_win.cc(700)] Failed to read DnsConfig.
[0623/133030.524:WARNING:dns_config_service_win.cc(700)] Failed to read DnsConfig.
[0623/133030.539:WARNING:dns_config_service_win.cc(700)] Failed to read DnsConfig.
[0623/133030.626:WARNING:dns_config_service_win.cc(700)] Failed to read DnsConfig.
[0623/133035.533:WARNING:dns_config_service_win.cc(700)] Failed to read DnsConfig.
[0623/133035.547:WARNING:dns_config_service_win.cc(700)] Failed to read DnsConfig.
[0623/133035.644:WARNING:dns_config_service_win.cc(700)] Failed to read DnsConfig.
[0623/133040.541:WARNING:dns_config_service_win.cc(700)] Failed to read DnsConfig.
[0623/133040.555:WARNING:dns_config_service_win.cc(700)] Failed to read DnsConfig.
[0623/133040.660:WARNING:dns_config_service_win.cc(700)] Failed to read DnsConfig.
[0623/133045.550:WARNING:dns_config_service_win.cc(700)] Failed to read DnsConfig.
[0623/133045.562:WARNING:dns_config_service_win.cc(700)] Failed to read DnsConfig.
[0623/133045.673:WARNING:dns_config_service_win.cc(700)] Failed to read DnsConfig.
[0623/133050.553:WARNING:dns_config_service_win.cc(700)] Failed to read DnsConfig.
[0623/133050.566:WARNING:dns_config_service_win.cc(700)] Failed to read DnsConfig.
[0623/133050.778:WARNING:dns_config_service_win.cc(700)] Failed to read DnsConfig.
[0623/133050.786:WARNING:dns_config_service_win.cc(700)] Failed to read DnsConfig.
